[INFO  - 2014-12-31T07:04:18.475Z] GhostDriver - Main - running on port 30572
[INFO  - 2014-12-31T07:04:19.033Z] Session [3d55ba30-90bb-11e4-927f-df732bb9f2b8] - page.settings - {"XSSAuditingEnabled":false,"javascriptCanCloseWindows":true,"javascriptCanOpenWindows":true,"javascriptEnabled":true,"loadImages":true,"localToRemoteUrlAccessEnabled":false,"userAgent":"Mozilla/5.0 (Unknown; Linux x86_64) AppleWebKit/534.34 (KHTML, like Gecko) PhantomJS/1.9.8 Safari/534.34","webSecurityEnabled":true}
[INFO  - 2014-12-31T07:04:19.034Z] Session [3d55ba30-90bb-11e4-927f-df732bb9f2b8] - page.customHeaders:  - {}
[INFO  - 2014-12-31T07:04:19.035Z] Session [3d55ba30-90bb-11e4-927f-df732bb9f2b8] - Session.negotiatedCapabilities - {"browserName":"phantomjs","version":"1.9.8","driverName":"ghostdriver","driverVersion":"1.1.0","platform":"linux-unknown-64bit","javascriptEnabled":true,"takesScreenshot":true,"handlesAlerts":false,"databaseEnabled":false,"locationContextEnabled":false,"applicationCacheEnabled":false,"browserConnectionEnabled":false,"cssSelectorsEnabled":true,"webStorageEnabled":false,"rotatable":false,"acceptSslCerts":false,"nativeEvents":true,"proxy":{"proxyType":"direct"}}
[INFO  - 2014-12-31T07:04:19.035Z] SessionManagerReqHand - _postNewSessionCommand - New Session Created: 3d55ba30-90bb-11e4-927f-df732bb9f2b8
[INFO  - 2014-12-31T07:04:19.368Z] ShutdownReqHand - _handle - About to shutdown
[INFO  - 2014-12-31T07:04:21.166Z] GhostDriver - Main - running on port 24999
[INFO  - 2014-12-31T07:04:21.622Z] Session [3edde0d0-90bb-11e4-ac4a-3d28e4f45148] - page.settings - {"XSSAuditingEnabled":false,"javascriptCanCloseWindows":true,"javascriptCanOpenWindows":true,"javascriptEnabled":true,"loadImages":true,"localToRemoteUrlAccessEnabled":false,"userAgent":"Mozilla/5.0 (Unknown; Linux x86_64) AppleWebKit/534.34 (KHTML, like Gecko) PhantomJS/1.9.8 Safari/534.34","webSecurityEnabled":true}
[INFO  - 2014-12-31T07:04:21.625Z] Session [3edde0d0-90bb-11e4-ac4a-3d28e4f45148] - page.customHeaders:  - {}
[INFO  - 2014-12-31T07:04:21.626Z] Session [3edde0d0-90bb-11e4-ac4a-3d28e4f45148] - Session.negotiatedCapabilities - {"browserName":"phantomjs","version":"1.9.8","driverName":"ghostdriver","driverVersion":"1.1.0","platform":"linux-unknown-64bit","javascriptEnabled":true,"takesScreenshot":true,"handlesAlerts":false,"databaseEnabled":false,"locationContextEnabled":false,"applicationCacheEnabled":false,"browserConnectionEnabled":false,"cssSelectorsEnabled":true,"webStorageEnabled":false,"rotatable":false,"acceptSslCerts":false,"nativeEvents":true,"proxy":{"proxyType":"direct"}}
[INFO  - 2014-12-31T07:04:21.627Z] SessionManagerReqHand - _postNewSessionCommand - New Session Created: 3edde0d0-90bb-11e4-ac4a-3d28e4f45148
[INFO  - 2014-12-31T07:04:22.444Z] ShutdownReqHand - _handle - About to shutdown
[INFO  - 2014-12-31T07:08:06.645Z] GhostDriver - Main - running on port 23783
[INFO  - 2014-12-31T07:08:07.205Z] Session [c5562a00-90bb-11e4-a0c5-153b253d2f75] - page.settings - {"XSSAuditingEnabled":false,"javascriptCanCloseWindows":true,"javascriptCanOpenWindows":true,"javascriptEnabled":true,"loadImages":true,"localToRemoteUrlAccessEnabled":false,"userAgent":"Mozilla/5.0 (Unknown; Linux x86_64) AppleWebKit/534.34 (KHTML, like Gecko) PhantomJS/1.9.8 Safari/534.34","webSecurityEnabled":true}
[INFO  - 2014-12-31T07:08:07.206Z] Session [c5562a00-90bb-11e4-a0c5-153b253d2f75] - page.customHeaders:  - {}
[INFO  - 2014-12-31T07:08:07.206Z] Session [c5562a00-90bb-11e4-a0c5-153b253d2f75] - Session.negotiatedCapabilities - {"browserName":"phantomjs","version":"1.9.8","driverName":"ghostdriver","driverVersion":"1.1.0","platform":"linux-unknown-64bit","javascriptEnabled":true,"takesScreenshot":true,"handlesAlerts":false,"databaseEnabled":false,"locationContextEnabled":false,"applicationCacheEnabled":false,"browserConnectionEnabled":false,"cssSelectorsEnabled":true,"webStorageEnabled":false,"rotatable":false,"acceptSslCerts":false,"nativeEvents":true,"proxy":{"proxyType":"direct"}}
[INFO  - 2014-12-31T07:08:07.208Z] SessionManagerReqHand - _postNewSessionCommand - New Session Created: c5562a00-90bb-11e4-a0c5-153b253d2f75
[INFO  - 2014-12-31T07:08:07.555Z] ShutdownReqHand - _handle - About to shutdown
[INFO  - 2014-12-31T07:08:09.373Z] GhostDriver - Main - running on port 22847
[INFO  - 2014-12-31T07:08:09.817Z] Session [c6e3a7d0-90bb-11e4-9585-09245e690652] - page.settings - {"XSSAuditingEnabled":false,"javascriptCanCloseWindows":true,"javascriptCanOpenWindows":true,"javascriptEnabled":true,"loadImages":true,"localToRemoteUrlAccessEnabled":false,"userAgent":"Mozilla/5.0 (Unknown; Linux x86_64) AppleWebKit/534.34 (KHTML, like Gecko) PhantomJS/1.9.8 Safari/534.34","webSecurityEnabled":true}
[INFO  - 2014-12-31T07:08:09.819Z] Session [c6e3a7d0-90bb-11e4-9585-09245e690652] - page.customHeaders:  - {}
[INFO  - 2014-12-31T07:08:09.820Z] Session [c6e3a7d0-90bb-11e4-9585-09245e690652] - Session.negotiatedCapabilities - {"browserName":"phantomjs","version":"1.9.8","driverName":"ghostdriver","driverVersion":"1.1.0","platform":"linux-unknown-64bit","javascriptEnabled":true,"takesScreenshot":true,"handlesAlerts":false,"databaseEnabled":false,"locationContextEnabled":false,"applicationCacheEnabled":false,"browserConnectionEnabled":false,"cssSelectorsEnabled":true,"webStorageEnabled":false,"rotatable":false,"acceptSslCerts":false,"nativeEvents":true,"proxy":{"proxyType":"direct"}}
[INFO  - 2014-12-31T07:08:09.821Z] SessionManagerReqHand - _postNewSessionCommand - New Session Created: c6e3a7d0-90bb-11e4-9585-09245e690652
[INFO  - 2014-12-31T07:08:10.603Z] ShutdownReqHand - _handle - About to shutdown
[INFO  - 2014-12-31T07:16:08.179Z] GhostDriver - Main - running on port 2308
[INFO  - 2014-12-31T07:16:08.720Z] Session [e45785b0-90bc-11e4-ac73-c338e53e1edf] - page.settings - {"XSSAuditingEnabled":false,"javascriptCanCloseWindows":true,"javascriptCanOpenWindows":true,"javascriptEnabled":true,"loadImages":true,"localToRemoteUrlAccessEnabled":false,"userAgent":"Mozilla/5.0 (Unknown; Linux x86_64) AppleWebKit/534.34 (KHTML, like Gecko) PhantomJS/1.9.8 Safari/534.34","webSecurityEnabled":true}
[INFO  - 2014-12-31T07:16:08.720Z] Session [e45785b0-90bc-11e4-ac73-c338e53e1edf] - page.customHeaders:  - {}
[INFO  - 2014-12-31T07:16:08.722Z] Session [e45785b0-90bc-11e4-ac73-c338e53e1edf] - Session.negotiatedCapabilities - {"browserName":"phantomjs","version":"1.9.8","driverName":"ghostdriver","driverVersion":"1.1.0","platform":"linux-unknown-64bit","javascriptEnabled":true,"takesScreenshot":true,"handlesAlerts":false,"databaseEnabled":false,"locationContextEnabled":false,"applicationCacheEnabled":false,"browserConnectionEnabled":false,"cssSelectorsEnabled":true,"webStorageEnabled":false,"rotatable":false,"acceptSslCerts":false,"nativeEvents":true,"proxy":{"proxyType":"direct"}}
[INFO  - 2014-12-31T07:16:08.723Z] SessionManagerReqHand - _postNewSessionCommand - New Session Created: e45785b0-90bc-11e4-ac73-c338e53e1edf
[INFO  - 2014-12-31T07:16:09.035Z] ShutdownReqHand - _handle - About to shutdown
[INFO  - 2014-12-31T07:16:10.844Z] GhostDriver - Main - running on port 8342
[INFO  - 2014-12-31T07:16:11.286Z] Session [e5ddfea0-90bc-11e4-bdf0-4901493f54f7] - page.settings - {"XSSAuditingEnabled":false,"javascriptCanCloseWindows":true,"javascriptCanOpenWindows":true,"javascriptEnabled":true,"loadImages":true,"localToRemoteUrlAccessEnabled":false,"userAgent":"Mozilla/5.0 (Unknown; Linux x86_64) AppleWebKit/534.34 (KHTML, like Gecko) PhantomJS/1.9.8 Safari/534.34","webSecurityEnabled":true}
[INFO  - 2014-12-31T07:16:11.286Z] Session [e5ddfea0-90bc-11e4-bdf0-4901493f54f7] - page.customHeaders:  - {}
[INFO  - 2014-12-31T07:16:11.286Z] Session [e5ddfea0-90bc-11e4-bdf0-4901493f54f7] - Session.negotiatedCapabilities - {"browserName":"phantomjs","version":"1.9.8","driverName":"ghostdriver","driverVersion":"1.1.0","platform":"linux-unknown-64bit","javascriptEnabled":true,"takesScreenshot":true,"handlesAlerts":false,"databaseEnabled":false,"locationContextEnabled":false,"applicationCacheEnabled":false,"browserConnectionEnabled":false,"cssSelectorsEnabled":true,"webStorageEnabled":false,"rotatable":false,"acceptSslCerts":false,"nativeEvents":true,"proxy":{"proxyType":"direct"}}
[INFO  - 2014-12-31T07:16:11.287Z] SessionManagerReqHand - _postNewSessionCommand - New Session Created: e5ddfea0-90bc-11e4-bdf0-4901493f54f7
[INFO  - 2014-12-31T07:16:12.011Z] ShutdownReqHand - _handle - About to shutdown
[INFO  - 2014-12-31T07:20:49.807Z] GhostDriver - Main - running on port 7608
[INFO  - 2014-12-31T07:20:50.371Z] Session [8c380de0-90bd-11e4-894a-7f52e17bf309] - page.settings - {"XSSAuditingEnabled":false,"javascriptCanCloseWindows":true,"javascriptCanOpenWindows":true,"javascriptEnabled":true,"loadImages":true,"localToRemoteUrlAccessEnabled":false,"userAgent":"Mozilla/5.0 (Unknown; Linux x86_64) AppleWebKit/534.34 (KHTML, like Gecko) PhantomJS/1.9.8 Safari/534.34","webSecurityEnabled":true}
[INFO  - 2014-12-31T07:20:50.372Z] Session [8c380de0-90bd-11e4-894a-7f52e17bf309] - page.customHeaders:  - {}
[INFO  - 2014-12-31T07:20:50.373Z] Session [8c380de0-90bd-11e4-894a-7f52e17bf309] - Session.negotiatedCapabilities - {"browserName":"phantomjs","version":"1.9.8","driverName":"ghostdriver","driverVersion":"1.1.0","platform":"linux-unknown-64bit","javascriptEnabled":true,"takesScreenshot":true,"handlesAlerts":false,"databaseEnabled":false,"locationContextEnabled":false,"applicationCacheEnabled":false,"browserConnectionEnabled":false,"cssSelectorsEnabled":true,"webStorageEnabled":false,"rotatable":false,"acceptSslCerts":false,"nativeEvents":true,"proxy":{"proxyType":"direct"}}
[INFO  - 2014-12-31T07:20:50.373Z] SessionManagerReqHand - _postNewSessionCommand - New Session Created: 8c380de0-90bd-11e4-894a-7f52e17bf309
[INFO  - 2014-12-31T07:20:50.705Z] ShutdownReqHand - _handle - About to shutdown
[INFO  - 2014-12-31T07:20:52.483Z] GhostDriver - Main - running on port 29211
[INFO  - 2014-12-31T07:20:52.934Z] Session [8dbe38b0-90bd-11e4-bee6-a5660ae6f039] - page.settings - {"XSSAuditingEnabled":false,"javascriptCanCloseWindows":true,"javascriptCanOpenWindows":true,"javascriptEnabled":true,"loadImages":true,"localToRemoteUrlAccessEnabled":false,"userAgent":"Mozilla/5.0 (Unknown; Linux x86_64) AppleWebKit/534.34 (KHTML, like Gecko) PhantomJS/1.9.8 Safari/534.34","webSecurityEnabled":true}
[INFO  - 2014-12-31T07:20:52.935Z] Session [8dbe38b0-90bd-11e4-bee6-a5660ae6f039] - page.customHeaders:  - {}
[INFO  - 2014-12-31T07:20:52.935Z] Session [8dbe38b0-90bd-11e4-bee6-a5660ae6f039] - Session.negotiatedCapabilities - {"browserName":"phantomjs","version":"1.9.8","driverName":"ghostdriver","driverVersion":"1.1.0","platform":"linux-unknown-64bit","javascriptEnabled":true,"takesScreenshot":true,"handlesAlerts":false,"databaseEnabled":false,"locationContextEnabled":false,"applicationCacheEnabled":false,"browserConnectionEnabled":false,"cssSelectorsEnabled":true,"webStorageEnabled":false,"rotatable":false,"acceptSslCerts":false,"nativeEvents":true,"proxy":{"proxyType":"direct"}}
[INFO  - 2014-12-31T07:20:52.935Z] SessionManagerReqHand - _postNewSessionCommand - New Session Created: 8dbe38b0-90bd-11e4-bee6-a5660ae6f039
[INFO  - 2014-12-31T07:20:53.701Z] ShutdownReqHand - _handle - About to shutdown
[INFO  - 2014-12-31T07:29:28.786Z] GhostDriver - Main - running on port 9910
[INFO  - 2014-12-31T07:29:29.327Z] Session [c18a9bb0-90be-11e4-b4fe-fd7c867967d6] - page.settings - {"XSSAuditingEnabled":false,"javascriptCanCloseWindows":true,"javascriptCanOpenWindows":true,"javascriptEnabled":true,"loadImages":true,"localToRemoteUrlAccessEnabled":false,"userAgent":"Mozilla/5.0 (Unknown; Linux x86_64) AppleWebKit/534.34 (KHTML, like Gecko) PhantomJS/1.9.8 Safari/534.34","webSecurityEnabled":true}
[INFO  - 2014-12-31T07:29:29.327Z] Session [c18a9bb0-90be-11e4-b4fe-fd7c867967d6] - page.customHeaders:  - {}
[INFO  - 2014-12-31T07:29:29.329Z] Session [c18a9bb0-90be-11e4-b4fe-fd7c867967d6] - Session.negotiatedCapabilities - {"browserName":"phantomjs","version":"1.9.8","driverName":"ghostdriver","driverVersion":"1.1.0","platform":"linux-unknown-64bit","javascriptEnabled":true,"takesScreenshot":true,"handlesAlerts":false,"databaseEnabled":false,"locationContextEnabled":false,"applicationCacheEnabled":false,"browserConnectionEnabled":false,"cssSelectorsEnabled":true,"webStorageEnabled":false,"rotatable":false,"acceptSslCerts":false,"nativeEvents":true,"proxy":{"proxyType":"direct"}}
[INFO  - 2014-12-31T07:29:29.330Z] SessionManagerReqHand - _postNewSessionCommand - New Session Created: c18a9bb0-90be-11e4-b4fe-fd7c867967d6
[INFO  - 2014-12-31T07:29:29.677Z] ShutdownReqHand - _handle - About to shutdown
[INFO  - 2014-12-31T07:30:04.478Z] GhostDriver - Main - running on port 15154
[INFO  - 2014-12-31T07:30:05.020Z] Session [d6d0ed80-90be-11e4-9233-35eaa8a6d624] - page.settings - {"XSSAuditingEnabled":false,"javascriptCanCloseWindows":true,"javascriptCanOpenWindows":true,"javascriptEnabled":true,"loadImages":true,"localToRemoteUrlAccessEnabled":false,"userAgent":"Mozilla/5.0 (Unknown; Linux x86_64) AppleWebKit/534.34 (KHTML, like Gecko) PhantomJS/1.9.8 Safari/534.34","webSecurityEnabled":true}
[INFO  - 2014-12-31T07:30:05.021Z] Session [d6d0ed80-90be-11e4-9233-35eaa8a6d624] - page.customHeaders:  - {}
[INFO  - 2014-12-31T07:30:05.022Z] Session [d6d0ed80-90be-11e4-9233-35eaa8a6d624] - Session.negotiatedCapabilities - {"browserName":"phantomjs","version":"1.9.8","driverName":"ghostdriver","driverVersion":"1.1.0","platform":"linux-unknown-64bit","javascriptEnabled":true,"takesScreenshot":true,"handlesAlerts":false,"databaseEnabled":false,"locationContextEnabled":false,"applicationCacheEnabled":false,"browserConnectionEnabled":false,"cssSelectorsEnabled":true,"webStorageEnabled":false,"rotatable":false,"acceptSslCerts":false,"nativeEvents":true,"proxy":{"proxyType":"direct"}}
[INFO  - 2014-12-31T07:30:05.023Z] SessionManagerReqHand - _postNewSessionCommand - New Session Created: d6d0ed80-90be-11e4-9233-35eaa8a6d624
[INFO  - 2014-12-31T07:30:05.379Z] ShutdownReqHand - _handle - About to shutdown
[INFO  - 2014-12-31T07:39:52.745Z] GhostDriver - Main - running on port 9703
[INFO  - 2014-12-31T07:39:53.291Z] Session [3573f570-90c0-11e4-9595-4ba11f8ee307] - page.settings - {"XSSAuditingEnabled":false,"javascriptCanCloseWindows":true,"javascriptCanOpenWindows":true,"javascriptEnabled":true,"loadImages":true,"localToRemoteUrlAccessEnabled":false,"userAgent":"Mozilla/5.0 (Unknown; Linux x86_64) AppleWebKit/534.34 (KHTML, like Gecko) PhantomJS/1.9.8 Safari/534.34","webSecurityEnabled":true}
[INFO  - 2014-12-31T07:39:53.293Z] Session [3573f570-90c0-11e4-9595-4ba11f8ee307] - page.customHeaders:  - {}
[INFO  - 2014-12-31T07:39:53.294Z] Session [3573f570-90c0-11e4-9595-4ba11f8ee307] - Session.negotiatedCapabilities - {"browserName":"phantomjs","version":"1.9.8","driverName":"ghostdriver","driverVersion":"1.1.0","platform":"linux-unknown-64bit","javascriptEnabled":true,"takesScreenshot":true,"handlesAlerts":false,"databaseEnabled":false,"locationContextEnabled":false,"applicationCacheEnabled":false,"browserConnectionEnabled":false,"cssSelectorsEnabled":true,"webStorageEnabled":false,"rotatable":false,"acceptSslCerts":false,"nativeEvents":true,"proxy":{"proxyType":"direct"}}
[INFO  - 2014-12-31T07:39:53.295Z] SessionManagerReqHand - _postNewSessionCommand - New Session Created: 3573f570-90c0-11e4-9595-4ba11f8ee307
[INFO  - 2014-12-31T07:39:53.592Z] ShutdownReqHand - _handle - About to shutdown
[INFO  - 2014-12-31T08:08:13.717Z] GhostDriver - Main - running on port 27144
[INFO  - 2014-12-31T08:08:14.277Z] Session [2b51d310-90c4-11e4-8e7a-25f779ed9f5d] - page.settings - {"XSSAuditingEnabled":false,"javascriptCanCloseWindows":true,"javascriptCanOpenWindows":true,"javascriptEnabled":true,"loadImages":true,"localToRemoteUrlAccessEnabled":false,"userAgent":"Mozilla/5.0 (Unknown; Linux x86_64) AppleWebKit/534.34 (KHTML, like Gecko) PhantomJS/1.9.8 Safari/534.34","webSecurityEnabled":true}
[INFO  - 2014-12-31T08:08:14.277Z] Session [2b51d310-90c4-11e4-8e7a-25f779ed9f5d] - page.customHeaders:  - {}
[INFO  - 2014-12-31T08:08:14.277Z] Session [2b51d310-90c4-11e4-8e7a-25f779ed9f5d] - Session.negotiatedCapabilities - {"browserName":"phantomjs","version":"1.9.8","driverName":"ghostdriver","driverVersion":"1.1.0","platform":"linux-unknown-64bit","javascriptEnabled":true,"takesScreenshot":true,"handlesAlerts":false,"databaseEnabled":false,"locationContextEnabled":false,"applicationCacheEnabled":false,"browserConnectionEnabled":false,"cssSelectorsEnabled":true,"webStorageEnabled":false,"rotatable":false,"acceptSslCerts":false,"nativeEvents":true,"proxy":{"proxyType":"direct"}}
[INFO  - 2014-12-31T08:08:14.277Z] SessionManagerReqHand - _postNewSessionCommand - New Session Created: 2b51d310-90c4-11e4-8e7a-25f779ed9f5d
[ERROR - 2014-12-31T08:08:14.882Z] WebElementLocator - _handleLocateCommand - Element(s) NOT Found: GAVE UP. Search Stop Time: 1420013294843
[INFO  - 2014-12-31T08:08:16.171Z] ShutdownReqHand - _handle - About to shutdown
[INFO  - 2014-12-31T08:08:52.712Z] GhostDriver - Main - running on port 20610
[INFO  - 2014-12-31T08:08:53.409Z] Session [42a4e4d0-90c4-11e4-92b4-137a3d91f799] - page.settings - {"XSSAuditingEnabled":false,"javascriptCanCloseWindows":true,"javascriptCanOpenWindows":true,"javascriptEnabled":true,"loadImages":true,"localToRemoteUrlAccessEnabled":false,"userAgent":"Mozilla/5.0 (Unknown; Linux x86_64) AppleWebKit/534.34 (KHTML, like Gecko) PhantomJS/1.9.8 Safari/534.34","webSecurityEnabled":true}
[INFO  - 2014-12-31T08:08:53.409Z] Session [42a4e4d0-90c4-11e4-92b4-137a3d91f799] - page.customHeaders:  - {}
[INFO  - 2014-12-31T08:08:53.409Z] Session [42a4e4d0-90c4-11e4-92b4-137a3d91f799] - Session.negotiatedCapabilities - {"browserName":"phantomjs","version":"1.9.8","driverName":"ghostdriver","driverVersion":"1.1.0","platform":"linux-unknown-64bit","javascriptEnabled":true,"takesScreenshot":true,"handlesAlerts":false,"databaseEnabled":false,"locationContextEnabled":false,"applicationCacheEnabled":false,"browserConnectionEnabled":false,"cssSelectorsEnabled":true,"webStorageEnabled":false,"rotatable":false,"acceptSslCerts":false,"nativeEvents":true,"proxy":{"proxyType":"direct"}}
[INFO  - 2014-12-31T08:08:53.409Z] SessionManagerReqHand - _postNewSessionCommand - New Session Created: 42a4e4d0-90c4-11e4-92b4-137a3d91f799
[ERROR - 2014-12-31T08:08:53.912Z] WebElementLocator - _handleLocateCommand - Element(s) NOT Found: GAVE UP. Search Stop Time: 1420013333890
[INFO  - 2014-12-31T08:08:55.144Z] ShutdownReqHand - _handle - About to shutdown
[INFO  - 2014-12-31T08:13:53.288Z] GhostDriver - Main - running on port 18035
[INFO  - 2014-12-31T08:13:53.805Z] Session [f5b1af90-90c4-11e4-9092-27ab274c9868] - page.settings - {"XSSAuditingEnabled":false,"javascriptCanCloseWindows":true,"javascriptCanOpenWindows":true,"javascriptEnabled":true,"loadImages":true,"localToRemoteUrlAccessEnabled":false,"userAgent":"Mozilla/5.0 (Unknown; Linux x86_64) AppleWebKit/534.34 (KHTML, like Gecko) PhantomJS/1.9.8 Safari/534.34","webSecurityEnabled":true}
[INFO  - 2014-12-31T08:13:53.807Z] Session [f5b1af90-90c4-11e4-9092-27ab274c9868] - page.customHeaders:  - {}
[INFO  - 2014-12-31T08:13:53.809Z] Session [f5b1af90-90c4-11e4-9092-27ab274c9868] - Session.negotiatedCapabilities - {"browserName":"phantomjs","version":"1.9.8","driverName":"ghostdriver","driverVersion":"1.1.0","platform":"linux-unknown-64bit","javascriptEnabled":true,"takesScreenshot":true,"handlesAlerts":false,"databaseEnabled":false,"locationContextEnabled":false,"applicationCacheEnabled":false,"browserConnectionEnabled":false,"cssSelectorsEnabled":true,"webStorageEnabled":false,"rotatable":false,"acceptSslCerts":false,"nativeEvents":true,"proxy":{"proxyType":"direct"}}
[INFO  - 2014-12-31T08:13:53.814Z] SessionManagerReqHand - _postNewSessionCommand - New Session Created: f5b1af90-90c4-11e4-9092-27ab274c9868
[ERROR - 2014-12-31T08:13:54.484Z] WebElementLocator - _handleLocateCommand - Element(s) NOT Found: GAVE UP. Search Stop Time: 1420013634406
[INFO  - 2014-12-31T08:13:55.663Z] ShutdownReqHand - _handle - About to shutdown
[INFO  - 2014-12-31T08:14:39.893Z] GhostDriver - Main - running on port 10751
[INFO  - 2014-12-31T08:14:40.489Z] Session [11847d10-90c5-11e4-9299-5f5be5156307] - page.settings - {"XSSAuditingEnabled":false,"javascriptCanCloseWindows":true,"javascriptCanOpenWindows":true,"javascriptEnabled":true,"loadImages":true,"localToRemoteUrlAccessEnabled":false,"userAgent":"Mozilla/5.0 (Unknown; Linux x86_64) AppleWebKit/534.34 (KHTML, like Gecko) PhantomJS/1.9.8 Safari/534.34","webSecurityEnabled":true}
[INFO  - 2014-12-31T08:14:40.491Z] Session [11847d10-90c5-11e4-9299-5f5be5156307] - page.customHeaders:  - {}
[INFO  - 2014-12-31T08:14:40.498Z] Session [11847d10-90c5-11e4-9299-5f5be5156307] - Session.negotiatedCapabilities - {"browserName":"phantomjs","version":"1.9.8","driverName":"ghostdriver","driverVersion":"1.1.0","platform":"linux-unknown-64bit","javascriptEnabled":true,"takesScreenshot":true,"handlesAlerts":false,"databaseEnabled":false,"locationContextEnabled":false,"applicationCacheEnabled":false,"browserConnectionEnabled":false,"cssSelectorsEnabled":true,"webStorageEnabled":false,"rotatable":false,"acceptSslCerts":false,"nativeEvents":true,"proxy":{"proxyType":"direct"}}
[INFO  - 2014-12-31T08:14:40.500Z] SessionManagerReqHand - _postNewSessionCommand - New Session Created: 11847d10-90c5-11e4-9299-5f5be5156307
[ERROR - 2014-12-31T08:14:41.052Z] WebElementLocator - _handleLocateCommand - Element(s) NOT Found: GAVE UP. Search Stop Time: 1420013681031
[INFO  - 2014-12-31T08:14:42.261Z] ShutdownReqHand - _handle - About to shutdown
[INFO  - 2014-12-31T08:21:26.385Z] GhostDriver - Main - running on port 16836
[INFO  - 2014-12-31T08:21:26.923Z] Session [03c5b350-90c6-11e4-9e80-2b3f012c65be] - page.settings - {"XSSAuditingEnabled":false,"javascriptCanCloseWindows":true,"javascriptCanOpenWindows":true,"javascriptEnabled":true,"loadImages":true,"localToRemoteUrlAccessEnabled":false,"userAgent":"Mozilla/5.0 (Unknown; Linux x86_64) AppleWebKit/534.34 (KHTML, like Gecko) PhantomJS/1.9.8 Safari/534.34","webSecurityEnabled":true}
[INFO  - 2014-12-31T08:21:26.923Z] Session [03c5b350-90c6-11e4-9e80-2b3f012c65be] - page.customHeaders:  - {}
[INFO  - 2014-12-31T08:21:26.929Z] Session [03c5b350-90c6-11e4-9e80-2b3f012c65be] - Session.negotiatedCapabilities - {"browserName":"phantomjs","version":"1.9.8","driverName":"ghostdriver","driverVersion":"1.1.0","platform":"linux-unknown-64bit","javascriptEnabled":true,"takesScreenshot":true,"handlesAlerts":false,"databaseEnabled":false,"locationContextEnabled":false,"applicationCacheEnabled":false,"browserConnectionEnabled":false,"cssSelectorsEnabled":true,"webStorageEnabled":false,"rotatable":false,"acceptSslCerts":false,"nativeEvents":true,"proxy":{"proxyType":"direct"}}
[INFO  - 2014-12-31T08:21:26.930Z] SessionManagerReqHand - _postNewSessionCommand - New Session Created: 03c5b350-90c6-11e4-9e80-2b3f012c65be
[ERROR - 2014-12-31T08:21:27.427Z] WebElementLocator - _handleLocateCommand - Element(s) NOT Found: GAVE UP. Search Stop Time: 1420014087420
[INFO  - 2014-12-31T08:21:28.764Z] ShutdownReqHand - _handle - About to shutdown
[INFO  - 2014-12-31T08:22:03.364Z] GhostDriver - Main - running on port 12074
[INFO  - 2014-12-31T08:22:03.954Z] Session [19d7e0a0-90c6-11e4-a7c8-e9c73d482ef5] - page.settings - {"XSSAuditingEnabled":false,"javascriptCanCloseWindows":true,"javascriptCanOpenWindows":true,"javascriptEnabled":true,"loadImages":true,"localToRemoteUrlAccessEnabled":false,"userAgent":"Mozilla/5.0 (Unknown; Linux x86_64) AppleWebKit/534.34 (KHTML, like Gecko) PhantomJS/1.9.8 Safari/534.34","webSecurityEnabled":true}
[INFO  - 2014-12-31T08:22:03.955Z] Session [19d7e0a0-90c6-11e4-a7c8-e9c73d482ef5] - page.customHeaders:  - {}
[INFO  - 2014-12-31T08:22:03.965Z] Session [19d7e0a0-90c6-11e4-a7c8-e9c73d482ef5] - Session.negotiatedCapabilities - {"browserName":"phantomjs","version":"1.9.8","driverName":"ghostdriver","driverVersion":"1.1.0","platform":"linux-unknown-64bit","javascriptEnabled":true,"takesScreenshot":true,"handlesAlerts":false,"databaseEnabled":false,"locationContextEnabled":false,"applicationCacheEnabled":false,"browserConnectionEnabled":false,"cssSelectorsEnabled":true,"webStorageEnabled":false,"rotatable":false,"acceptSslCerts":false,"nativeEvents":true,"proxy":{"proxyType":"direct"}}
[INFO  - 2014-12-31T08:22:03.966Z] SessionManagerReqHand - _postNewSessionCommand - New Session Created: 19d7e0a0-90c6-11e4-a7c8-e9c73d482ef5
[ERROR - 2014-12-31T08:22:04.749Z] WebElementLocator - _handleLocateCommand - Element(s) NOT Found: GAVE UP. Search Stop Time: 1420014124686
[INFO  - 2014-12-31T08:22:06.883Z] ShutdownReqHand - _handle - About to shutdown
[INFO  - 2014-12-31T08:24:08.282Z] GhostDriver - Main - running on port 1420
[INFO  - 2014-12-31T08:24:08.972Z] Session [645ba710-90c6-11e4-8da2-d586a653983f] - page.settings - {"XSSAuditingEnabled":false,"javascriptCanCloseWindows":true,"javascriptCanOpenWindows":true,"javascriptEnabled":true,"loadImages":true,"localToRemoteUrlAccessEnabled":false,"userAgent":"Mozilla/5.0 (Unknown; Linux x86_64) AppleWebKit/534.34 (KHTML, like Gecko) PhantomJS/1.9.8 Safari/534.34","webSecurityEnabled":true}
[INFO  - 2014-12-31T08:24:08.974Z] Session [645ba710-90c6-11e4-8da2-d586a653983f] - page.customHeaders:  - {}
[INFO  - 2014-12-31T08:24:08.995Z] Session [645ba710-90c6-11e4-8da2-d586a653983f] - Session.negotiatedCapabilities - {"browserName":"phantomjs","version":"1.9.8","driverName":"ghostdriver","driverVersion":"1.1.0","platform":"linux-unknown-64bit","javascriptEnabled":true,"takesScreenshot":true,"handlesAlerts":false,"databaseEnabled":false,"locationContextEnabled":false,"applicationCacheEnabled":false,"browserConnectionEnabled":false,"cssSelectorsEnabled":true,"webStorageEnabled":false,"rotatable":false,"acceptSslCerts":false,"nativeEvents":true,"proxy":{"proxyType":"direct"}}
[INFO  - 2014-12-31T08:24:08.996Z] SessionManagerReqHand - _postNewSessionCommand - New Session Created: 645ba710-90c6-11e4-8da2-d586a653983f
[INFO  - 2014-12-31T08:24:10.582Z] ShutdownReqHand - _handle - About to shutdown
[INFO  - 2014-12-31T09:28:42.833Z] GhostDriver - Main - running on port 12940
[INFO  - 2014-12-31T09:28:43.359Z] Session [69accd80-90cf-11e4-85af-ada5ff6a6c88] - page.settings - {"XSSAuditingEnabled":false,"javascriptCanCloseWindows":true,"javascriptCanOpenWindows":true,"javascriptEnabled":true,"loadImages":true,"localToRemoteUrlAccessEnabled":false,"userAgent":"Mozilla/5.0 (Unknown; Linux x86_64) AppleWebKit/534.34 (KHTML, like Gecko) PhantomJS/1.9.8 Safari/534.34","webSecurityEnabled":true}
[INFO  - 2014-12-31T09:28:43.361Z] Session [69accd80-90cf-11e4-85af-ada5ff6a6c88] - page.customHeaders:  - {}
[INFO  - 2014-12-31T09:28:43.362Z] Session [69accd80-90cf-11e4-85af-ada5ff6a6c88] - Session.negotiatedCapabilities - {"browserName":"phantomjs","version":"1.9.8","driverName":"ghostdriver","driverVersion":"1.1.0","platform":"linux-unknown-64bit","javascriptEnabled":true,"takesScreenshot":true,"handlesAlerts":false,"databaseEnabled":false,"locationContextEnabled":false,"applicationCacheEnabled":false,"browserConnectionEnabled":false,"cssSelectorsEnabled":true,"webStorageEnabled":false,"rotatable":false,"acceptSslCerts":false,"nativeEvents":true,"proxy":{"proxyType":"direct"}}
[INFO  - 2014-12-31T09:28:43.363Z] SessionManagerReqHand - _postNewSessionCommand - New Session Created: 69accd80-90cf-11e4-85af-ada5ff6a6c88
[INFO  - 2014-12-31T09:28:44.456Z] ShutdownReqHand - _handle - About to shutdown
[INFO  - 2014-12-31T09:31:45.972Z] GhostDriver - Main - running on port 11767
[INFO  - 2014-12-31T09:31:46.490Z] Session [d6d46030-90cf-11e4-99cd-4ff9a005f071] - page.settings - {"XSSAuditingEnabled":false,"javascriptCanCloseWindows":true,"javascriptCanOpenWindows":true,"javascriptEnabled":true,"loadImages":true,"localToRemoteUrlAccessEnabled":false,"userAgent":"Mozilla/5.0 (Unknown; Linux x86_64) AppleWebKit/534.34 (KHTML, like Gecko) PhantomJS/1.9.8 Safari/534.34","webSecurityEnabled":true}
[INFO  - 2014-12-31T09:31:46.491Z] Session [d6d46030-90cf-11e4-99cd-4ff9a005f071] - page.customHeaders:  - {}
[INFO  - 2014-12-31T09:31:46.498Z] Session [d6d46030-90cf-11e4-99cd-4ff9a005f071] - Session.negotiatedCapabilities - {"browserName":"phantomjs","version":"1.9.8","driverName":"ghostdriver","driverVersion":"1.1.0","platform":"linux-unknown-64bit","javascriptEnabled":true,"takesScreenshot":true,"handlesAlerts":false,"databaseEnabled":false,"locationContextEnabled":false,"applicationCacheEnabled":false,"browserConnectionEnabled":false,"cssSelectorsEnabled":true,"webStorageEnabled":false,"rotatable":false,"acceptSslCerts":false,"nativeEvents":true,"proxy":{"proxyType":"direct"}}
[INFO  - 2014-12-31T09:31:46.498Z] SessionManagerReqHand - _postNewSessionCommand - New Session Created: d6d46030-90cf-11e4-99cd-4ff9a005f071
[INFO  - 2014-12-31T09:31:47.436Z] ShutdownReqHand - _handle - About to shutdown
[INFO  - 2014-12-31T09:57:10.342Z] GhostDriver - Main - running on port 26788
[INFO  - 2014-12-31T09:57:10.877Z] Session [636fad80-90d3-11e4-b5c9-a1fb0c08a06c] - page.settings - {"XSSAuditingEnabled":false,"javascriptCanCloseWindows":true,"javascriptCanOpenWindows":true,"javascriptEnabled":true,"loadImages":true,"localToRemoteUrlAccessEnabled":false,"userAgent":"Mozilla/5.0 (Unknown; Linux x86_64) AppleWebKit/534.34 (KHTML, like Gecko) PhantomJS/1.9.8 Safari/534.34","webSecurityEnabled":true}
[INFO  - 2014-12-31T09:57:10.877Z] Session [636fad80-90d3-11e4-b5c9-a1fb0c08a06c] - page.customHeaders:  - {}
[INFO  - 2014-12-31T09:57:10.878Z] Session [636fad80-90d3-11e4-b5c9-a1fb0c08a06c] - Session.negotiatedCapabilities - {"browserName":"phantomjs","version":"1.9.8","driverName":"ghostdriver","driverVersion":"1.1.0","platform":"linux-unknown-64bit","javascriptEnabled":true,"takesScreenshot":true,"handlesAlerts":false,"databaseEnabled":false,"locationContextEnabled":false,"applicationCacheEnabled":false,"browserConnectionEnabled":false,"cssSelectorsEnabled":true,"webStorageEnabled":false,"rotatable":false,"acceptSslCerts":false,"nativeEvents":true,"proxy":{"proxyType":"direct"}}
[INFO  - 2014-12-31T09:57:10.879Z] SessionManagerReqHand - _postNewSessionCommand - New Session Created: 636fad80-90d3-11e4-b5c9-a1fb0c08a06c
[INFO  - 2014-12-31T09:57:11.684Z] ShutdownReqHand - _handle - About to shutdown
[INFO  - 2014-12-31T09:58:08.502Z] GhostDriver - Main - running on port 9001
[INFO  - 2014-12-31T09:58:09.006Z] Session [86154e80-90d3-11e4-9403-01ea3e572f02] - page.settings - {"XSSAuditingEnabled":false,"javascriptCanCloseWindows":true,"javascriptCanOpenWindows":true,"javascriptEnabled":true,"loadImages":true,"localToRemoteUrlAccessEnabled":false,"userAgent":"Mozilla/5.0 (Unknown; Linux x86_64) AppleWebKit/534.34 (KHTML, like Gecko) PhantomJS/1.9.8 Safari/534.34","webSecurityEnabled":true}
[INFO  - 2014-12-31T09:58:09.006Z] Session [86154e80-90d3-11e4-9403-01ea3e572f02] - page.customHeaders:  - {}
[INFO  - 2014-12-31T09:58:09.009Z] Session [86154e80-90d3-11e4-9403-01ea3e572f02] - Session.negotiatedCapabilities - {"browserName":"phantomjs","version":"1.9.8","driverName":"ghostdriver","driverVersion":"1.1.0","platform":"linux-unknown-64bit","javascriptEnabled":true,"takesScreenshot":true,"handlesAlerts":false,"databaseEnabled":false,"locationContextEnabled":false,"applicationCacheEnabled":false,"browserConnectionEnabled":false,"cssSelectorsEnabled":true,"webStorageEnabled":false,"rotatable":false,"acceptSslCerts":false,"nativeEvents":true,"proxy":{"proxyType":"direct"}}
[INFO  - 2014-12-31T09:58:09.010Z] SessionManagerReqHand - _postNewSessionCommand - New Session Created: 86154e80-90d3-11e4-9403-01ea3e572f02
[INFO  - 2014-12-31T09:58:09.789Z] ShutdownReqHand - _handle - About to shutdown
[INFO  - 2015-01-01T16:09:20.886Z] GhostDriver - Main - running on port 17908
[INFO  - 2015-01-01T16:09:21.396Z] Session [8be037f0-91d0-11e4-8fac-89e073cfbe4a] - page.settings - {"XSSAuditingEnabled":false,"javascriptCanCloseWindows":true,"javascriptCanOpenWindows":true,"javascriptEnabled":true,"loadImages":true,"localToRemoteUrlAccessEnabled":false,"userAgent":"Mozilla/5.0 (Unknown; Linux x86_64) AppleWebKit/534.34 (KHTML, like Gecko) PhantomJS/1.9.8 Safari/534.34","webSecurityEnabled":true}
[INFO  - 2015-01-01T16:09:21.397Z] Session [8be037f0-91d0-11e4-8fac-89e073cfbe4a] - page.customHeaders:  - {}
[INFO  - 2015-01-01T16:09:21.405Z] Session [8be037f0-91d0-11e4-8fac-89e073cfbe4a] - Session.negotiatedCapabilities - {"browserName":"phantomjs","version":"1.9.8","driverName":"ghostdriver","driverVersion":"1.1.0","platform":"linux-unknown-64bit","javascriptEnabled":true,"takesScreenshot":true,"handlesAlerts":false,"databaseEnabled":false,"locationContextEnabled":false,"applicationCacheEnabled":false,"browserConnectionEnabled":false,"cssSelectorsEnabled":true,"webStorageEnabled":false,"rotatable":false,"acceptSslCerts":false,"nativeEvents":true,"proxy":{"proxyType":"direct"}}
[INFO  - 2015-01-01T16:09:21.405Z] SessionManagerReqHand - _postNewSessionCommand - New Session Created: 8be037f0-91d0-11e4-8fac-89e073cfbe4a
[INFO  - 2015-01-01T16:09:22.605Z] ShutdownReqHand - _handle - About to shutdown
[INFO  - 2015-01-01T16:36:57.567Z] GhostDriver - Main - running on port 10131
[INFO  - 2015-01-01T16:36:58.097Z] Session [6758bac0-91d4-11e4-85fc-01f47f92f630] - page.settings - {"XSSAuditingEnabled":false,"javascriptCanCloseWindows":true,"javascriptCanOpenWindows":true,"javascriptEnabled":true,"loadImages":true,"localToRemoteUrlAccessEnabled":false,"userAgent":"Mozilla/5.0 (Unknown; Linux x86_64) AppleWebKit/534.34 (KHTML, like Gecko) PhantomJS/1.9.8 Safari/534.34","webSecurityEnabled":true}
[INFO  - 2015-01-01T16:36:58.127Z] Session [6758bac0-91d4-11e4-85fc-01f47f92f630] - page.customHeaders:  - {}
[INFO  - 2015-01-01T16:36:58.127Z] Session [6758bac0-91d4-11e4-85fc-01f47f92f630] - Session.negotiatedCapabilities - {"browserName":"phantomjs","version":"1.9.8","driverName":"ghostdriver","driverVersion":"1.1.0","platform":"linux-unknown-64bit","javascriptEnabled":true,"takesScreenshot":true,"handlesAlerts":false,"databaseEnabled":false,"locationContextEnabled":false,"applicationCacheEnabled":false,"browserConnectionEnabled":false,"cssSelectorsEnabled":true,"webStorageEnabled":false,"rotatable":false,"acceptSslCerts":false,"nativeEvents":true,"proxy":{"proxyType":"direct"}}
[INFO  - 2015-01-01T16:36:58.132Z] SessionManagerReqHand - _postNewSessionCommand - New Session Created: 6758bac0-91d4-11e4-85fc-01f47f92f630
[INFO  - 2015-01-01T16:36:59.097Z] ShutdownReqHand - _handle - About to shutdown
[INFO  - 2015-01-01T16:38:29.334Z] GhostDriver - Main - running on port 7437
[INFO  - 2015-01-01T16:38:29.869Z] Session [9e0c0680-91d4-11e4-ac5e-850326597a4d] - page.settings - {"XSSAuditingEnabled":false,"javascriptCanCloseWindows":true,"javascriptCanOpenWindows":true,"javascriptEnabled":true,"loadImages":true,"localToRemoteUrlAccessEnabled":false,"userAgent":"Mozilla/5.0 (Unknown; Linux x86_64) AppleWebKit/534.34 (KHTML, like Gecko) PhantomJS/1.9.8 Safari/534.34","webSecurityEnabled":true}
[INFO  - 2015-01-01T16:38:29.870Z] Session [9e0c0680-91d4-11e4-ac5e-850326597a4d] - page.customHeaders:  - {}
[INFO  - 2015-01-01T16:38:29.871Z] Session [9e0c0680-91d4-11e4-ac5e-850326597a4d] - Session.negotiatedCapabilities - {"browserName":"phantomjs","version":"1.9.8","driverName":"ghostdriver","driverVersion":"1.1.0","platform":"linux-unknown-64bit","javascriptEnabled":true,"takesScreenshot":true,"handlesAlerts":false,"databaseEnabled":false,"locationContextEnabled":false,"applicationCacheEnabled":false,"browserConnectionEnabled":false,"cssSelectorsEnabled":true,"webStorageEnabled":false,"rotatable":false,"acceptSslCerts":false,"nativeEvents":true,"proxy":{"proxyType":"direct"}}
[INFO  - 2015-01-01T16:38:29.872Z] SessionManagerReqHand - _postNewSessionCommand - New Session Created: 9e0c0680-91d4-11e4-ac5e-850326597a4d
[INFO  - 2015-01-01T16:38:30.690Z] ShutdownReqHand - _handle - About to shutdown
[INFO  - 2015-01-01T16:45:46.063Z] GhostDriver - Main - running on port 23333
[INFO  - 2015-01-01T16:45:46.557Z] Session [a2555380-91d5-11e4-948e-bdedc4b00632] - page.settings - {"XSSAuditingEnabled":false,"javascriptCanCloseWindows":true,"javascriptCanOpenWindows":true,"javascriptEnabled":true,"loadImages":true,"localToRemoteUrlAccessEnabled":false,"userAgent":"Mozilla/5.0 (Unknown; Linux x86_64) AppleWebKit/534.34 (KHTML, like Gecko) PhantomJS/1.9.8 Safari/534.34","webSecurityEnabled":true}
[INFO  - 2015-01-01T16:45:46.557Z] Session [a2555380-91d5-11e4-948e-bdedc4b00632] - page.customHeaders:  - {}
[INFO  - 2015-01-01T16:45:46.558Z] Session [a2555380-91d5-11e4-948e-bdedc4b00632] - Session.negotiatedCapabilities - {"browserName":"phantomjs","version":"1.9.8","driverName":"ghostdriver","driverVersion":"1.1.0","platform":"linux-unknown-64bit","javascriptEnabled":true,"takesScreenshot":true,"handlesAlerts":false,"databaseEnabled":false,"locationContextEnabled":false,"applicationCacheEnabled":false,"browserConnectionEnabled":false,"cssSelectorsEnabled":true,"webStorageEnabled":false,"rotatable":false,"acceptSslCerts":false,"nativeEvents":true,"proxy":{"proxyType":"direct"}}
[INFO  - 2015-01-01T16:45:46.558Z] SessionManagerReqHand - _postNewSessionCommand - New Session Created: a2555380-91d5-11e4-948e-bdedc4b00632
[INFO  - 2015-01-01T16:45:47.378Z] ShutdownReqHand - _handle - About to shutdown
[INFO  - 2015-01-01T16:48:53.607Z] GhostDriver - Main - running on port 30162
[INFO  - 2015-01-01T16:48:54.128Z] Session [122263b0-91d6-11e4-91a2-4142acc4c8e2] - page.settings - {"XSSAuditingEnabled":false,"javascriptCanCloseWindows":true,"javascriptCanOpenWindows":true,"javascriptEnabled":true,"loadImages":true,"localToRemoteUrlAccessEnabled":false,"userAgent":"Mozilla/5.0 (Unknown; Linux x86_64) AppleWebKit/534.34 (KHTML, like Gecko) PhantomJS/1.9.8 Safari/534.34","webSecurityEnabled":true}
[INFO  - 2015-01-01T16:48:54.129Z] Session [122263b0-91d6-11e4-91a2-4142acc4c8e2] - page.customHeaders:  - {}
[INFO  - 2015-01-01T16:48:54.130Z] Session [122263b0-91d6-11e4-91a2-4142acc4c8e2] - Session.negotiatedCapabilities - {"browserName":"phantomjs","version":"1.9.8","driverName":"ghostdriver","driverVersion":"1.1.0","platform":"linux-unknown-64bit","javascriptEnabled":true,"takesScreenshot":true,"handlesAlerts":false,"databaseEnabled":false,"locationContextEnabled":false,"applicationCacheEnabled":false,"browserConnectionEnabled":false,"cssSelectorsEnabled":true,"webStorageEnabled":false,"rotatable":false,"acceptSslCerts":false,"nativeEvents":true,"proxy":{"proxyType":"direct"}}
[INFO  - 2015-01-01T16:48:54.130Z] SessionManagerReqHand - _postNewSessionCommand - New Session Created: 122263b0-91d6-11e4-91a2-4142acc4c8e2
[INFO  - 2015-01-01T16:48:55.157Z] ShutdownReqHand - _handle - About to shutdown
[INFO  - 2015-01-01T16:58:25.310Z] GhostDriver - Main - running on port 5941
[INFO  - 2015-01-01T16:58:25.848Z] Session [66e7f030-91d7-11e4-abdd-0bb4acdf5621] - page.settings - {"XSSAuditingEnabled":false,"javascriptCanCloseWindows":true,"javascriptCanOpenWindows":true,"javascriptEnabled":true,"loadImages":true,"localToRemoteUrlAccessEnabled":false,"userAgent":"Mozilla/5.0 (Unknown; Linux x86_64) AppleWebKit/534.34 (KHTML, like Gecko) PhantomJS/1.9.8 Safari/534.34","webSecurityEnabled":true}
[INFO  - 2015-01-01T16:58:25.849Z] Session [66e7f030-91d7-11e4-abdd-0bb4acdf5621] - page.customHeaders:  - {}
[INFO  - 2015-01-01T16:58:25.855Z] Session [66e7f030-91d7-11e4-abdd-0bb4acdf5621] - Session.negotiatedCapabilities - {"browserName":"phantomjs","version":"1.9.8","driverName":"ghostdriver","driverVersion":"1.1.0","platform":"linux-unknown-64bit","javascriptEnabled":true,"takesScreenshot":true,"handlesAlerts":false,"databaseEnabled":false,"locationContextEnabled":false,"applicationCacheEnabled":false,"browserConnectionEnabled":false,"cssSelectorsEnabled":true,"webStorageEnabled":false,"rotatable":false,"acceptSslCerts":false,"nativeEvents":true,"proxy":{"proxyType":"direct"}}
[INFO  - 2015-01-01T16:58:25.856Z] SessionManagerReqHand - _postNewSessionCommand - New Session Created: 66e7f030-91d7-11e4-abdd-0bb4acdf5621
[INFO  - 2015-01-01T16:58:26.746Z] ShutdownReqHand - _handle - About to shutdown
[INFO  - 2015-01-01T17:06:55.608Z] GhostDriver - Main - running on port 11726
[INFO  - 2015-01-01T17:06:56.143Z] Session [9710c6a0-91d8-11e4-ac9f-d9571fb3d6ef] - page.settings - {"XSSAuditingEnabled":false,"javascriptCanCloseWindows":true,"javascriptCanOpenWindows":true,"javascriptEnabled":true,"loadImages":true,"localToRemoteUrlAccessEnabled":false,"userAgent":"Mozilla/5.0 (Unknown; Linux x86_64) AppleWebKit/534.34 (KHTML, like Gecko) PhantomJS/1.9.8 Safari/534.34","webSecurityEnabled":true}
[INFO  - 2015-01-01T17:06:56.144Z] Session [9710c6a0-91d8-11e4-ac9f-d9571fb3d6ef] - page.customHeaders:  - {}
[INFO  - 2015-01-01T17:06:56.146Z] Session [9710c6a0-91d8-11e4-ac9f-d9571fb3d6ef] - Session.negotiatedCapabilities - {"browserName":"phantomjs","version":"1.9.8","driverName":"ghostdriver","driverVersion":"1.1.0","platform":"linux-unknown-64bit","javascriptEnabled":true,"takesScreenshot":true,"handlesAlerts":false,"databaseEnabled":false,"locationContextEnabled":false,"applicationCacheEnabled":false,"browserConnectionEnabled":false,"cssSelectorsEnabled":true,"webStorageEnabled":false,"rotatable":false,"acceptSslCerts":false,"nativeEvents":true,"proxy":{"proxyType":"direct"}}
[INFO  - 2015-01-01T17:06:56.147Z] SessionManagerReqHand - _postNewSessionCommand - New Session Created: 9710c6a0-91d8-11e4-ac9f-d9571fb3d6ef
[INFO  - 2015-01-01T17:06:57.032Z] ShutdownReqHand - _handle - About to shutdown
[INFO  - 2015-01-01T17:14:03.579Z] GhostDriver - Main - running on port 19214
[INFO  - 2015-01-01T17:14:04.099Z] Session [9625ade0-91d9-11e4-9a1e-c1b17d6882ec] - page.settings - {"XSSAuditingEnabled":false,"javascriptCanCloseWindows":true,"javascriptCanOpenWindows":true,"javascriptEnabled":true,"loadImages":true,"localToRemoteUrlAccessEnabled":false,"userAgent":"Mozilla/5.0 (Unknown; Linux x86_64) AppleWebKit/534.34 (KHTML, like Gecko) PhantomJS/1.9.8 Safari/534.34","webSecurityEnabled":true}
[INFO  - 2015-01-01T17:14:04.100Z] Session [9625ade0-91d9-11e4-9a1e-c1b17d6882ec] - page.customHeaders:  - {}
[INFO  - 2015-01-01T17:14:04.102Z] Session [9625ade0-91d9-11e4-9a1e-c1b17d6882ec] - Session.negotiatedCapabilities - {"browserName":"phantomjs","version":"1.9.8","driverName":"ghostdriver","driverVersion":"1.1.0","platform":"linux-unknown-64bit","javascriptEnabled":true,"takesScreenshot":true,"handlesAlerts":false,"databaseEnabled":false,"locationContextEnabled":false,"applicationCacheEnabled":false,"browserConnectionEnabled":false,"cssSelectorsEnabled":true,"webStorageEnabled":false,"rotatable":false,"acceptSslCerts":false,"nativeEvents":true,"proxy":{"proxyType":"direct"}}
[INFO  - 2015-01-01T17:14:04.103Z] SessionManagerReqHand - _postNewSessionCommand - New Session Created: 9625ade0-91d9-11e4-9a1e-c1b17d6882ec
[INFO  - 2015-01-01T17:14:05.583Z] ShutdownReqHand - _handle - About to shutdown
[INFO  - 2015-01-01T17:39:06.488Z] GhostDriver - Main - running on port 5302
[INFO  - 2015-01-01T17:39:07.004Z] Session [15f25340-91dd-11e4-a9ac-e957e0255f2e] - page.settings - {"XSSAuditingEnabled":false,"javascriptCanCloseWindows":true,"javascriptCanOpenWindows":true,"javascriptEnabled":true,"loadImages":true,"localToRemoteUrlAccessEnabled":false,"userAgent":"Mozilla/5.0 (Unknown; Linux x86_64) AppleWebKit/534.34 (KHTML, like Gecko) PhantomJS/1.9.8 Safari/534.34","webSecurityEnabled":true}
[INFO  - 2015-01-01T17:39:07.004Z] Session [15f25340-91dd-11e4-a9ac-e957e0255f2e] - page.customHeaders:  - {}
[INFO  - 2015-01-01T17:39:07.005Z] Session [15f25340-91dd-11e4-a9ac-e957e0255f2e] - Session.negotiatedCapabilities - {"browserName":"phantomjs","version":"1.9.8","driverName":"ghostdriver","driverVersion":"1.1.0","platform":"linux-unknown-64bit","javascriptEnabled":true,"takesScreenshot":true,"handlesAlerts":false,"databaseEnabled":false,"locationContextEnabled":false,"applicationCacheEnabled":false,"browserConnectionEnabled":false,"cssSelectorsEnabled":true,"webStorageEnabled":false,"rotatable":false,"acceptSslCerts":false,"nativeEvents":true,"proxy":{"proxyType":"direct"}}
[INFO  - 2015-01-01T17:39:07.006Z] SessionManagerReqHand - _postNewSessionCommand - New Session Created: 15f25340-91dd-11e4-a9ac-e957e0255f2e
[INFO  - 2015-01-01T17:39:08.194Z] ShutdownReqHand - _handle - About to shutdown
[INFO  - 2015-01-01T17:40:25.651Z] GhostDriver - Main - running on port 24685
[INFO  - 2015-01-01T17:40:26.191Z] Session [4525e9b0-91dd-11e4-8ef5-1d1d26f91eb8] - page.settings - {"XSSAuditingEnabled":false,"javascriptCanCloseWindows":true,"javascriptCanOpenWindows":true,"javascriptEnabled":true,"loadImages":true,"localToRemoteUrlAccessEnabled":false,"userAgent":"Mozilla/5.0 (Unknown; Linux x86_64) AppleWebKit/534.34 (KHTML, like Gecko) PhantomJS/1.9.8 Safari/534.34","webSecurityEnabled":true}
[INFO  - 2015-01-01T17:40:26.192Z] Session [4525e9b0-91dd-11e4-8ef5-1d1d26f91eb8] - page.customHeaders:  - {}
[INFO  - 2015-01-01T17:40:26.193Z] Session [4525e9b0-91dd-11e4-8ef5-1d1d26f91eb8] - Session.negotiatedCapabilities - {"browserName":"phantomjs","version":"1.9.8","driverName":"ghostdriver","driverVersion":"1.1.0","platform":"linux-unknown-64bit","javascriptEnabled":true,"takesScreenshot":true,"handlesAlerts":false,"databaseEnabled":false,"locationContextEnabled":false,"applicationCacheEnabled":false,"browserConnectionEnabled":false,"cssSelectorsEnabled":true,"webStorageEnabled":false,"rotatable":false,"acceptSslCerts":false,"nativeEvents":true,"proxy":{"proxyType":"direct"}}
[INFO  - 2015-01-01T17:40:26.193Z] SessionManagerReqHand - _postNewSessionCommand - New Session Created: 4525e9b0-91dd-11e4-8ef5-1d1d26f91eb8
[INFO  - 2015-01-01T17:40:27.272Z] ShutdownReqHand - _handle - About to shutdown
[INFO  - 2015-01-01T17:41:17.174Z] GhostDriver - Main - running on port 28978
[INFO  - 2015-01-01T17:41:17.694Z] Session [63d87e90-91dd-11e4-a444-f11e6af978f9] - page.settings - {"XSSAuditingEnabled":false,"javascriptCanCloseWindows":true,"javascriptCanOpenWindows":true,"javascriptEnabled":true,"loadImages":true,"localToRemoteUrlAccessEnabled":false,"userAgent":"Mozilla/5.0 (Unknown; Linux x86_64) AppleWebKit/534.34 (KHTML, like Gecko) PhantomJS/1.9.8 Safari/534.34","webSecurityEnabled":true}
[INFO  - 2015-01-01T17:41:17.694Z] Session [63d87e90-91dd-11e4-a444-f11e6af978f9] - page.customHeaders:  - {}
[INFO  - 2015-01-01T17:41:17.695Z] Session [63d87e90-91dd-11e4-a444-f11e6af978f9] - Session.negotiatedCapabilities - {"browserName":"phantomjs","version":"1.9.8","driverName":"ghostdriver","driverVersion":"1.1.0","platform":"linux-unknown-64bit","javascriptEnabled":true,"takesScreenshot":true,"handlesAlerts":false,"databaseEnabled":false,"locationContextEnabled":false,"applicationCacheEnabled":false,"browserConnectionEnabled":false,"cssSelectorsEnabled":true,"webStorageEnabled":false,"rotatable":false,"acceptSslCerts":false,"nativeEvents":true,"proxy":{"proxyType":"direct"}}
[INFO  - 2015-01-01T17:41:17.696Z] SessionManagerReqHand - _postNewSessionCommand - New Session Created: 63d87e90-91dd-11e4-a444-f11e6af978f9
[INFO  - 2015-01-01T17:41:18.899Z] ShutdownReqHand - _handle - About to shutdown
[INFO  - 2015-01-01T17:42:02.380Z] GhostDriver - Main - running on port 4435
[INFO  - 2015-01-01T17:42:02.884Z] Session [7ec7c9e0-91dd-11e4-884c-557b2a637c06] - page.settings - {"XSSAuditingEnabled":false,"javascriptCanCloseWindows":true,"javascriptCanOpenWindows":true,"javascriptEnabled":true,"loadImages":true,"localToRemoteUrlAccessEnabled":false,"userAgent":"Mozilla/5.0 (Unknown; Linux x86_64) AppleWebKit/534.34 (KHTML, like Gecko) PhantomJS/1.9.8 Safari/534.34","webSecurityEnabled":true}
[INFO  - 2015-01-01T17:42:02.884Z] Session [7ec7c9e0-91dd-11e4-884c-557b2a637c06] - page.customHeaders:  - {}
[INFO  - 2015-01-01T17:42:02.885Z] Session [7ec7c9e0-91dd-11e4-884c-557b2a637c06] - Session.negotiatedCapabilities - {"browserName":"phantomjs","version":"1.9.8","driverName":"ghostdriver","driverVersion":"1.1.0","platform":"linux-unknown-64bit","javascriptEnabled":true,"takesScreenshot":true,"handlesAlerts":false,"databaseEnabled":false,"locationContextEnabled":false,"applicationCacheEnabled":false,"browserConnectionEnabled":false,"cssSelectorsEnabled":true,"webStorageEnabled":false,"rotatable":false,"acceptSslCerts":false,"nativeEvents":true,"proxy":{"proxyType":"direct"}}
[INFO  - 2015-01-01T17:42:02.886Z] SessionManagerReqHand - _postNewSessionCommand - New Session Created: 7ec7c9e0-91dd-11e4-884c-557b2a637c06
[INFO  - 2015-01-01T17:42:04.123Z] ShutdownReqHand - _handle - About to shutdown
[INFO  - 2015-01-01T17:42:41.111Z] GhostDriver - Main - running on port 13189
[INFO  - 2015-01-01T17:42:41.626Z] Session [95df3230-91dd-11e4-9d26-79c1f3dceb20] - page.settings - {"XSSAuditingEnabled":false,"javascriptCanCloseWindows":true,"javascriptCanOpenWindows":true,"javascriptEnabled":true,"loadImages":true,"localToRemoteUrlAccessEnabled":false,"userAgent":"Mozilla/5.0 (Unknown; Linux x86_64) AppleWebKit/534.34 (KHTML, like Gecko) PhantomJS/1.9.8 Safari/534.34","webSecurityEnabled":true}
[INFO  - 2015-01-01T17:42:41.628Z] Session [95df3230-91dd-11e4-9d26-79c1f3dceb20] - page.customHeaders:  - {}
[INFO  - 2015-01-01T17:42:41.632Z] Session [95df3230-91dd-11e4-9d26-79c1f3dceb20] - Session.negotiatedCapabilities - {"browserName":"phantomjs","version":"1.9.8","driverName":"ghostdriver","driverVersion":"1.1.0","platform":"linux-unknown-64bit","javascriptEnabled":true,"takesScreenshot":true,"handlesAlerts":false,"databaseEnabled":false,"locationContextEnabled":false,"applicationCacheEnabled":false,"browserConnectionEnabled":false,"cssSelectorsEnabled":true,"webStorageEnabled":false,"rotatable":false,"acceptSslCerts":false,"nativeEvents":true,"proxy":{"proxyType":"direct"}}
[INFO  - 2015-01-01T17:42:41.633Z] SessionManagerReqHand - _postNewSessionCommand - New Session Created: 95df3230-91dd-11e4-9d26-79c1f3dceb20
[INFO  - 2015-01-01T17:42:42.818Z] ShutdownReqHand - _handle - About to shutdown
[INFO  - 2015-01-01T17:43:52.981Z] GhostDriver - Main - running on port 7842
[INFO  - 2015-01-01T17:43:53.493Z] Session [c0b58900-91dd-11e4-93a2-0fa1590f7880] - page.settings - {"XSSAuditingEnabled":false,"javascriptCanCloseWindows":true,"javascriptCanOpenWindows":true,"javascriptEnabled":true,"loadImages":true,"localToRemoteUrlAccessEnabled":false,"userAgent":"Mozilla/5.0 (Unknown; Linux x86_64) AppleWebKit/534.34 (KHTML, like Gecko) PhantomJS/1.9.8 Safari/534.34","webSecurityEnabled":true}
[INFO  - 2015-01-01T17:43:53.493Z] Session [c0b58900-91dd-11e4-93a2-0fa1590f7880] - page.customHeaders:  - {}
[INFO  - 2015-01-01T17:43:53.494Z] Session [c0b58900-91dd-11e4-93a2-0fa1590f7880] - Session.negotiatedCapabilities - {"browserName":"phantomjs","version":"1.9.8","driverName":"ghostdriver","driverVersion":"1.1.0","platform":"linux-unknown-64bit","javascriptEnabled":true,"takesScreenshot":true,"handlesAlerts":false,"databaseEnabled":false,"locationContextEnabled":false,"applicationCacheEnabled":false,"browserConnectionEnabled":false,"cssSelectorsEnabled":true,"webStorageEnabled":false,"rotatable":false,"acceptSslCerts":false,"nativeEvents":true,"proxy":{"proxyType":"direct"}}
[INFO  - 2015-01-01T17:43:53.494Z] SessionManagerReqHand - _postNewSessionCommand - New Session Created: c0b58900-91dd-11e4-93a2-0fa1590f7880
[ERROR - 2015-01-01T17:43:54.428Z] WebElementLocator - _handleLocateCommand - Element(s) NOT Found: GAVE UP. Search Stop Time: 1420134234400
[INFO  - 2015-01-01T17:43:55.583Z] ShutdownReqHand - _handle - About to shutdown
[INFO  - 2015-01-01T17:48:17.172Z] GhostDriver - Main - running on port 30119
[INFO  - 2015-01-01T17:48:17.689Z] Session [5e2e0900-91de-11e4-b4a9-1b7df649640f] - page.settings - {"XSSAuditingEnabled":false,"javascriptCanCloseWindows":true,"javascriptCanOpenWindows":true,"javascriptEnabled":true,"loadImages":true,"localToRemoteUrlAccessEnabled":false,"userAgent":"Mozilla/5.0 (Unknown; Linux x86_64) AppleWebKit/534.34 (KHTML, like Gecko) PhantomJS/1.9.8 Safari/534.34","webSecurityEnabled":true}
[INFO  - 2015-01-01T17:48:17.691Z] Session [5e2e0900-91de-11e4-b4a9-1b7df649640f] - page.customHeaders:  - {}
[INFO  - 2015-01-01T17:48:17.697Z] Session [5e2e0900-91de-11e4-b4a9-1b7df649640f] - Session.negotiatedCapabilities - {"browserName":"phantomjs","version":"1.9.8","driverName":"ghostdriver","driverVersion":"1.1.0","platform":"linux-unknown-64bit","javascriptEnabled":true,"takesScreenshot":true,"handlesAlerts":false,"databaseEnabled":false,"locationContextEnabled":false,"applicationCacheEnabled":false,"browserConnectionEnabled":false,"cssSelectorsEnabled":true,"webStorageEnabled":false,"rotatable":false,"acceptSslCerts":false,"nativeEvents":true,"proxy":{"proxyType":"direct"}}
[INFO  - 2015-01-01T17:48:17.699Z] SessionManagerReqHand - _postNewSessionCommand - New Session Created: 5e2e0900-91de-11e4-b4a9-1b7df649640f
[INFO  - 2015-01-01T17:48:19.217Z] ShutdownReqHand - _handle - About to shutdown
[INFO  - 2015-01-01T17:49:58.552Z] GhostDriver - Main - running on port 10995
[INFO  - 2015-01-01T17:49:59.087Z] Session [9a9e2460-91de-11e4-94c0-7b30e1c37a38] - page.settings - {"XSSAuditingEnabled":false,"javascriptCanCloseWindows":true,"javascriptCanOpenWindows":true,"javascriptEnabled":true,"loadImages":true,"localToRemoteUrlAccessEnabled":false,"userAgent":"Mozilla/5.0 (Unknown; Linux x86_64) AppleWebKit/534.34 (KHTML, like Gecko) PhantomJS/1.9.8 Safari/534.34","webSecurityEnabled":true}
[INFO  - 2015-01-01T17:49:59.087Z] Session [9a9e2460-91de-11e4-94c0-7b30e1c37a38] - page.customHeaders:  - {}
[INFO  - 2015-01-01T17:49:59.088Z] Session [9a9e2460-91de-11e4-94c0-7b30e1c37a38] - Session.negotiatedCapabilities - {"browserName":"phantomjs","version":"1.9.8","driverName":"ghostdriver","driverVersion":"1.1.0","platform":"linux-unknown-64bit","javascriptEnabled":true,"takesScreenshot":true,"handlesAlerts":false,"databaseEnabled":false,"locationContextEnabled":false,"applicationCacheEnabled":false,"browserConnectionEnabled":false,"cssSelectorsEnabled":true,"webStorageEnabled":false,"rotatable":false,"acceptSslCerts":false,"nativeEvents":true,"proxy":{"proxyType":"direct"}}
[INFO  - 2015-01-01T17:49:59.089Z] SessionManagerReqHand - _postNewSessionCommand - New Session Created: 9a9e2460-91de-11e4-94c0-7b30e1c37a38
[INFO  - 2015-01-01T17:50:00.460Z] ShutdownReqHand - _handle - About to shutdown
[INFO  - 2015-01-01T17:54:09.170Z] GhostDriver - Main - running on port 14771
[INFO  - 2015-01-01T17:54:09.631Z] Session [2ff4bba0-91df-11e4-8408-436fbca68118] - page.settings - {"XSSAuditingEnabled":false,"javascriptCanCloseWindows":true,"javascriptCanOpenWindows":true,"javascriptEnabled":true,"loadImages":true,"localToRemoteUrlAccessEnabled":false,"userAgent":"Mozilla/5.0 (Unknown; Linux x86_64) AppleWebKit/534.34 (KHTML, like Gecko) PhantomJS/1.9.8 Safari/534.34","webSecurityEnabled":true}
[INFO  - 2015-01-01T17:54:09.632Z] Session [2ff4bba0-91df-11e4-8408-436fbca68118] - page.customHeaders:  - {}
[INFO  - 2015-01-01T17:54:09.633Z] Session [2ff4bba0-91df-11e4-8408-436fbca68118] - Session.negotiatedCapabilities - {"browserName":"phantomjs","version":"1.9.8","driverName":"ghostdriver","driverVersion":"1.1.0","platform":"linux-unknown-64bit","javascriptEnabled":true,"takesScreenshot":true,"handlesAlerts":false,"databaseEnabled":false,"locationContextEnabled":false,"applicationCacheEnabled":false,"browserConnectionEnabled":false,"cssSelectorsEnabled":true,"webStorageEnabled":false,"rotatable":false,"acceptSslCerts":false,"nativeEvents":true,"proxy":{"proxyType":"direct"}}
[INFO  - 2015-01-01T17:54:09.634Z] SessionManagerReqHand - _postNewSessionCommand - New Session Created: 2ff4bba0-91df-11e4-8408-436fbca68118
[INFO  - 2015-01-01T17:54:10.769Z] ShutdownReqHand - _handle - About to shutdown
[INFO  - 2015-01-01T18:09:53.692Z] GhostDriver - Main - running on port 30457
[INFO  - 2015-01-01T18:09:54.172Z] Session [62f24070-91e1-11e4-9526-4b23b2d743ff] - page.settings - {"XSSAuditingEnabled":false,"javascriptCanCloseWindows":true,"javascriptCanOpenWindows":true,"javascriptEnabled":true,"loadImages":true,"localToRemoteUrlAccessEnabled":false,"userAgent":"Mozilla/5.0 (Unknown; Linux x86_64) AppleWebKit/534.34 (KHTML, like Gecko) PhantomJS/1.9.8 Safari/534.34","webSecurityEnabled":true}
[INFO  - 2015-01-01T18:09:54.174Z] Session [62f24070-91e1-11e4-9526-4b23b2d743ff] - page.customHeaders:  - {}
[INFO  - 2015-01-01T18:09:54.175Z] Session [62f24070-91e1-11e4-9526-4b23b2d743ff] - Session.negotiatedCapabilities - {"browserName":"phantomjs","version":"1.9.8","driverName":"ghostdriver","driverVersion":"1.1.0","platform":"linux-unknown-64bit","javascriptEnabled":true,"takesScreenshot":true,"handlesAlerts":false,"databaseEnabled":false,"locationContextEnabled":false,"applicationCacheEnabled":false,"browserConnectionEnabled":false,"cssSelectorsEnabled":true,"webStorageEnabled":false,"rotatable":false,"acceptSslCerts":false,"nativeEvents":true,"proxy":{"proxyType":"direct"}}
[INFO  - 2015-01-01T18:09:54.176Z] SessionManagerReqHand - _postNewSessionCommand - New Session Created: 62f24070-91e1-11e4-9526-4b23b2d743ff
[INFO  - 2015-01-01T18:09:55.001Z] ShutdownReqHand - _handle - About to shutdown
[INFO  - 2015-01-01T18:14:19.444Z] GhostDriver - Main - running on port 20967
[INFO  - 2015-01-01T18:14:19.976Z] Session [01609220-91e2-11e4-9313-b55757da4f47] - page.settings - {"XSSAuditingEnabled":false,"javascriptCanCloseWindows":true,"javascriptCanOpenWindows":true,"javascriptEnabled":true,"loadImages":true,"localToRemoteUrlAccessEnabled":false,"userAgent":"Mozilla/5.0 (Unknown; Linux x86_64) AppleWebKit/534.34 (KHTML, like Gecko) PhantomJS/1.9.8 Safari/534.34","webSecurityEnabled":true}
[INFO  - 2015-01-01T18:14:19.976Z] Session [01609220-91e2-11e4-9313-b55757da4f47] - page.customHeaders:  - {}
[INFO  - 2015-01-01T18:14:19.976Z] Session [01609220-91e2-11e4-9313-b55757da4f47] - Session.negotiatedCapabilities - {"browserName":"phantomjs","version":"1.9.8","driverName":"ghostdriver","driverVersion":"1.1.0","platform":"linux-unknown-64bit","javascriptEnabled":true,"takesScreenshot":true,"handlesAlerts":false,"databaseEnabled":false,"locationContextEnabled":false,"applicationCacheEnabled":false,"browserConnectionEnabled":false,"cssSelectorsEnabled":true,"webStorageEnabled":false,"rotatable":false,"acceptSslCerts":false,"nativeEvents":true,"proxy":{"proxyType":"direct"}}
[INFO  - 2015-01-01T18:14:19.979Z] SessionManagerReqHand - _postNewSessionCommand - New Session Created: 01609220-91e2-11e4-9313-b55757da4f47
[INFO  - 2015-01-01T18:14:21.708Z] ShutdownReqHand - _handle - About to shutdown
[INFO  - 2015-01-01T18:14:43.250Z] GhostDriver - Main - running on port 20059
[INFO  - 2015-01-01T18:14:43.761Z] Session [0f8e06c0-91e2-11e4-87ac-bfe12866fea4] - page.settings - {"XSSAuditingEnabled":false,"javascriptCanCloseWindows":true,"javascriptCanOpenWindows":true,"javascriptEnabled":true,"loadImages":true,"localToRemoteUrlAccessEnabled":false,"userAgent":"Mozilla/5.0 (Unknown; Linux x86_64) AppleWebKit/534.34 (KHTML, like Gecko) PhantomJS/1.9.8 Safari/534.34","webSecurityEnabled":true}
[INFO  - 2015-01-01T18:14:43.763Z] Session [0f8e06c0-91e2-11e4-87ac-bfe12866fea4] - page.customHeaders:  - {}
[INFO  - 2015-01-01T18:14:43.763Z] Session [0f8e06c0-91e2-11e4-87ac-bfe12866fea4] - Session.negotiatedCapabilities - {"browserName":"phantomjs","version":"1.9.8","driverName":"ghostdriver","driverVersion":"1.1.0","platform":"linux-unknown-64bit","javascriptEnabled":true,"takesScreenshot":true,"handlesAlerts":false,"databaseEnabled":false,"locationContextEnabled":false,"applicationCacheEnabled":false,"browserConnectionEnabled":false,"cssSelectorsEnabled":true,"webStorageEnabled":false,"rotatable":false,"acceptSslCerts":false,"nativeEvents":true,"proxy":{"proxyType":"direct"}}
[INFO  - 2015-01-01T18:14:43.764Z] SessionManagerReqHand - _postNewSessionCommand - New Session Created: 0f8e06c0-91e2-11e4-87ac-bfe12866fea4
[INFO  - 2015-01-01T18:14:45.555Z] ShutdownReqHand - _handle - About to shutdown
[INFO  - 2015-01-01T18:15:33.483Z] GhostDriver - Main - running on port 30595
[INFO  - 2015-01-01T18:15:34.026Z] Session [2d83db50-91e2-11e4-b115-0ff26282884d] - page.settings - {"XSSAuditingEnabled":false,"javascriptCanCloseWindows":true,"javascriptCanOpenWindows":true,"javascriptEnabled":true,"loadImages":true,"localToRemoteUrlAccessEnabled":false,"userAgent":"Mozilla/5.0 (Unknown; Linux x86_64) AppleWebKit/534.34 (KHTML, like Gecko) PhantomJS/1.9.8 Safari/534.34","webSecurityEnabled":true}
[INFO  - 2015-01-01T18:15:34.028Z] Session [2d83db50-91e2-11e4-b115-0ff26282884d] - page.customHeaders:  - {}
[INFO  - 2015-01-01T18:15:34.030Z] Session [2d83db50-91e2-11e4-b115-0ff26282884d] - Session.negotiatedCapabilities - {"browserName":"phantomjs","version":"1.9.8","driverName":"ghostdriver","driverVersion":"1.1.0","platform":"linux-unknown-64bit","javascriptEnabled":true,"takesScreenshot":true,"handlesAlerts":false,"databaseEnabled":false,"locationContextEnabled":false,"applicationCacheEnabled":false,"browserConnectionEnabled":false,"cssSelectorsEnabled":true,"webStorageEnabled":false,"rotatable":false,"acceptSslCerts":false,"nativeEvents":true,"proxy":{"proxyType":"direct"}}
[INFO  - 2015-01-01T18:15:34.031Z] SessionManagerReqHand - _postNewSessionCommand - New Session Created: 2d83db50-91e2-11e4-b115-0ff26282884d
[INFO  - 2015-01-01T18:15:35.142Z] ShutdownReqHand - _handle - About to shutdown
